2018-01-27 09:27:23,697 [Worker-4] INFO  c.g.t.t.d.PublishedGradleVersions - Gradle version information cache is up-to-date. Trying to read.
2018-01-27 14:20:37,613 [Worker-52] ERROR o.e.r.s.GitSnippetRepository - Transport operation failed.
org.eclipse.jgit.api.errors.TransportException: http://git.eclipse.org/gitroot/recommenders/org.eclipse.recommenders.snipmatch.snippets.git: cannot open git-upload-pack
	at org.eclipse.jgit.api.FetchCommand.call(FetchCommand.java:245) ~[org.eclipse.jgit_4.8.0.201706111038-r.jar:4.8.0.201706111038-r]
	at org.eclipse.recommenders.snipmatch.GitSnippetRepository.fetch(GitSnippetRepository.java:198) ~[org.eclipse.recommenders.snipmatch_2.4.10.v20170911-1410.jar:na]
	at org.eclipse.recommenders.snipmatch.GitSnippetRepository.open(GitSnippetRepository.java:91) ~[org.eclipse.recommenders.snipmatch_2.4.10.v20170911-1410.jar:na]
	at org.eclipse.recommenders.internal.snipmatch.rcp.EclipseGitSnippetRepository$2.run(EclipseGitSnippetRepository.java:165) [org.eclipse.recommenders.snipmatch.rcp_2.4.10.v20170911-1410.jar:na]
	at org.eclipse.core.internal.jobs.Worker.run(Worker.java:56) [org.eclipse.core.jobs_3.9.1.v20170714-0547.jar:na]
Caused by: org.eclipse.jgit.errors.TransportException: http://git.eclipse.org/gitroot/recommenders/org.eclipse.recommenders.snipmatch.snippets.git: cannot open git-upload-pack
	at org.eclipse.jgit.transport.TransportHttp.connect(TransportHttp.java:566) ~[org.eclipse.jgit_4.8.0.201706111038-r.jar:4.8.0.201706111038-r]
	at org.eclipse.jgit.transport.TransportHttp.openFetch(TransportHttp.java:326) ~[org.eclipse.jgit_4.8.0.201706111038-r.jar:4.8.0.201706111038-r]
	at org.eclipse.jgit.transport.FetchProcess.executeImp(FetchProcess.java:136) ~[org.eclipse.jgit_4.8.0.201706111038-r.jar:4.8.0.201706111038-r]
	at org.eclipse.jgit.transport.FetchProcess.execute(FetchProcess.java:122) ~[org.eclipse.jgit_4.8.0.201706111038-r.jar:4.8.0.201706111038-r]
	at org.eclipse.jgit.transport.Transport.fetch(Transport.java:1236) ~[org.eclipse.jgit_4.8.0.201706111038-r.jar:4.8.0.201706111038-r]
	at org.eclipse.jgit.api.FetchCommand.call(FetchCommand.java:234) ~[org.eclipse.jgit_4.8.0.201706111038-r.jar:4.8.0.201706111038-r]
	... 4 common frames omitted
Caused by: java.net.UnknownHostException: git.eclipse.org
	at java.net.AbstractPlainSocketImpl.connect(Unknown Source) ~[na:1.8.0_144]
	at java.net.PlainSocketImpl.connect(Unknown Source) ~[na:1.8.0_144]
	at java.net.SocksSocketImpl.connect(Unknown Source) ~[na:1.8.0_144]
	at java.net.Socket.connect(Unknown Source) ~[na:1.8.0_144]
	at sun.net.NetworkClient.doConnect(Unknown Source) ~[na:1.8.0_144]
	at sun.net.www.http.HttpClient.openServer(Unknown Source) ~[na:1.8.0_144]
	at sun.net.www.http.HttpClient.openServer(Unknown Source) ~[na:1.8.0_144]
	at sun.net.www.http.HttpClient.<init>(Unknown Source) ~[na:1.8.0_144]
	at sun.net.www.http.HttpClient.New(Unknown Source) ~[na:1.8.0_144]
	at sun.net.www.http.HttpClient.New(Unknown Source) ~[na:1.8.0_144]
	at sun.net.www.protocol.http.HttpURLConnection.getNewHttpClient(Unknown Source) ~[na:1.8.0_144]
	at sun.net.www.protocol.http.HttpURLConnection.plainConnect0(Unknown Source) ~[na:1.8.0_144]
	at sun.net.www.protocol.http.HttpURLConnection.plainConnect(Unknown Source) ~[na:1.8.0_144]
	at sun.net.www.protocol.http.HttpURLConnection.connect(Unknown Source) ~[na:1.8.0_144]
	at sun.net.www.protocol.http.HttpURLConnection.getInputStream0(Unknown Source) ~[na:1.8.0_144]
	at sun.net.www.protocol.http.HttpURLConnection.getInputStream(Unknown Source) ~[na:1.8.0_144]
	at java.net.HttpURLConnection.getResponseCode(Unknown Source) ~[na:1.8.0_144]
	at org.eclipse.jgit.transport.http.JDKHttpConnection.getResponseCode(JDKHttpConnection.java:99) ~[org.eclipse.jgit_4.8.0.201706111038-r.jar:4.8.0.201706111038-r]
	at org.eclipse.jgit.util.HttpSupport.response(HttpSupport.java:202) ~[org.eclipse.jgit_4.8.0.201706111038-r.jar:4.8.0.201706111038-r]
	at org.eclipse.jgit.transport.TransportHttp.connect(TransportHttp.java:504) ~[org.eclipse.jgit_4.8.0.201706111038-r.jar:4.8.0.201706111038-r]
	... 9 common frames omitted
2018-01-28 09:02:16,450 [Worker-5] INFO  c.g.t.t.d.PublishedGradleVersions - Gradle version information cache is out-of-date. Trying to update.
2018-02-01 16:22:24,549 [Worker-2] INFO  c.g.t.t.d.PublishedGradleVersions - Gradle version information cache is out-of-date. Trying to update.
2018-02-02 15:23:05,928 [Worker-0] INFO  c.g.t.t.d.PublishedGradleVersions - Gradle version information cache is up-to-date. Trying to read.
2018-02-03 09:01:41,382 [Worker-2] INFO  c.g.t.t.d.PublishedGradleVersions - Gradle version information cache is out-of-date. Trying to update.
2018-02-04 08:58:19,496 [Worker-3] INFO  c.g.t.t.d.PublishedGradleVersions - Gradle version information cache is up-to-date. Trying to read.
